<?xml version="1.0" encoding="UTF-8"?>
<testsuites>
  <testsuite id="0" name="/Users/asibil/tools/react-carousel/src/GlamorousReactCarousel.test.js" errors="0" package="/Users/asibil/tools/react-carousel/src/GlamorousReactCarousel.test.js" hostname="localhost" tests="6" failures="0" time="0.462" timestamp="2018-06-25T23:21:51">
    <properties>
    </properties>
    <testcase classname="&lt;GlamorousReactCarousel /&gt;" name="component renders with default config" time="0">
    </testcase>
    <testcase classname="&lt;GlamorousReactCarousel /&gt;" name="component renders with default config" time="0">
    </testcase>
    <testcase classname="&lt;GlamorousReactCarousel /&gt;" name="component renders with alternate slide indicators and theme" time="0">
    </testcase>
    <testcase classname="&lt;GlamorousReactCarousel /&gt;" name="component renders with multiple tiles per slide" time="0">
    </testcase>
    <testcase classname="&lt;GlamorousReactCarousel /&gt;" name="does not break if no slides" time="0">
    </testcase>
    <testcase classname="&lt;GlamorousReactCarousel /&gt;" name="init values return correctly" time="0">
    </testcase>
    <system-out/>
    <system-err/>
  </testsuite>
</testsuites>